<?xml version="1.0" encoding="UTF-8"?>
<!-- Generated by org.testng.reporters.JUnitReportReporter -->
<testsuite skipped="0" hostname="Srinivasan" name="junitt.testng" tests="4" failures="0" timestamp="29 Apr 2020 15:22:38 GMT" time="0.031" errors="0">
  <testcase name="aftertest" time="0.021" classname="junitt.testng"/>
  <testcase name="beforetest" time="0.003" classname="junitt.testng"/>
  <testcase name="test2" time="0.001" classname="junitt.testng"/>
  <testcase name="test1" time="0.006" classname="junitt.testng"/>
</testsuite> <!-- junitt.testng -->
